<?xml version="1.0" encoding="UTF-8"?>
<!-- Generated by org.testng.reporters.JUnitXMLReporter -->
<testsuite ignored="0" hostname="DESKTOP-QM940CJ" failures="0" tests="4" name="Surefire test" time="0.175" errors="0" timestamp="2025-11-24T21:59:18 PKT">
  <testcase classname="com.api.automation.Api.ApiTest" name="testGetUser" time="0.018"/>
  <testcase classname="com.api.automation.Api.ApiTest" name="testCreateUser" time="0.003"/>
  <testcase classname="com.api.automation.Api.ApiTest" name="testUpdateUser" time="0.002"/>
  <testcase classname="com.api.automation.Api.ApiTest" name="testDeleteUser" time="0.003"/>
</testsuite> <!-- Surefire test -->
