<?xml version="1.0" encoding="UTF-8"?>
<testng-results ignored="0" total="4" passed="4" failed="0" skipped="0">
  <reporter-output>
  </reporter-output>
  <suite started-at="2025-11-24T21:59:18 PKT" name="Surefire suite" finished-at="2025-11-24T21:59:18 PKT" duration-ms="175">
    <groups>
    </groups>
    <test started-at="2025-11-24T21:59:18 PKT" name="Surefire test" finished-at="2025-11-24T21:59:18 PKT" duration-ms="175">
      <class name="com.api.automation.Api.ApiTest">
        <test-method signature="testGetUser()[pri:1, instance:com.api.automation.Api.ApiTest@15713d56]" started-at="2025-11-24T21:59:18 PKT" name="testGetUser" finished-at="2025-11-24T21:59:18 PKT" duration-ms="18" status="PASS">
          <reporter-output>
          </reporter-output>
        </test-method> <!-- testGetUser -->
        <test-method signature="testCreateUser()[pri:2, instance:com.api.automation.Api.ApiTest@15713d56]" started-at="2025-11-24T21:59:18 PKT" name="testCreateUser" finished-at="2025-11-24T21:59:18 PKT" duration-ms="3" status="PASS">
          <reporter-output>
          </reporter-output>
        </test-method> <!-- testCreateUser -->
        <test-method signature="testUpdateUser()[pri:3, instance:com.api.automation.Api.ApiTest@15713d56]" started-at="2025-11-24T21:59:18 PKT" name="testUpdateUser" finished-at="2025-11-24T21:59:18 PKT" duration-ms="2" status="PASS">
          <reporter-output>
          </reporter-output>
        </test-method> <!-- testUpdateUser -->
        <test-method signature="testDeleteUser()[pri:4, instance:com.api.automation.Api.ApiTest@15713d56]" started-at="2025-11-24T21:59:18 PKT" name="testDeleteUser" finished-at="2025-11-24T21:59:18 PKT" duration-ms="3" status="PASS">
          <reporter-output>
          </reporter-output>
        </test-method> <!-- testDeleteUser -->
      </class> <!-- com.api.automation.Api.ApiTest -->
    </test> <!-- Surefire test -->
  </suite> <!-- Surefire suite -->
</testng-results>
